This is pdfTeX, Version 3.14159265-2.6-1.40.19 (MiKTeX 2.9.6930 64-bit) (preloaded format=pdflatex 2019.3.5)  15 MAY 2019 22:15
entering extended mode
**./sos-lab01_botebol_hardrick.tex
(sos-lab01_botebol_hardrick.tex
LaTeX2e <2018-12-01>
("C:\Users\Baptiste\AppData\Local\Programs\MiKTeX 2.9\tex/latex/base\report.cls
"
Document Class: report 2018/09/03 v1.4i Standard LaTeX document class
("C:\Users\Baptiste\AppData\Local\Programs\MiKTeX 2.9\tex/latex/base\size12.clo
"
File: size12.clo 2018/09/03 v1.4i Standard LaTeX file (size option)
)
\c@part=\count80
\c@chapter=\count81
\c@section=\count82
\c@subsection=\count83
\c@subsubsection=\count84
\c@paragraph=\count85
\c@subparagraph=\count86
\c@figure=\count87
\c@table=\count88
\abovecaptionskip=\skip41
\belowcaptionskip=\skip42
\bibindent=\dimen102
)
("C:\Users\Baptiste\AppData\Local\Programs\MiKTeX 2.9\tex/generic/babel\babel.s
ty"
Package: babel 2018/11/13 3.27 The Babel package

("C:\Users\Baptiste\AppData\Local\Programs\MiKTeX 2.9\tex/generic/babel\switch.
def"
File: switch.def 2018/11/13 3.27 Babel switching mechanism
)
*************************************
* Local config file bblopts.cfg used
*

("C:\Users\Baptiste\AppData\Local\Programs\MiKTeX 2.9\tex/latex/arabi\bblopts.c
fg"
File: bblopts.cfg 2005/09/08 v0.1 add Arabic and Farsi to "declared" options of
 babel
)
("C:\Users\Baptiste\AppData\Local\Programs\MiKTeX 2.9\tex/generic/babel-french\
french.ldf"
Language: french 2018/09/14 v3.5c French support from the babel system

("C:\Users\Baptiste\AppData\Local\Programs\MiKTeX 2.9\tex/generic/babel\babel.d
ef"
File: babel.def 2018/11/13 3.27 Babel common definitions
\babel@savecnt=\count89
\U@D=\dimen103

("C:\Users\Baptiste\AppData\Local\Programs\MiKTeX 2.9\tex/generic/babel\txtbabe
l.def")
\bbl@dirlevel=\count90
)
\l@acadian = a dialect from \language\l@french 
\FB@nonchar=\count91
Package babel Info: Making : an active character on input line 414.
Package babel Info: Making ; an active character on input line 415.
Package babel Info: Making ! an active character on input line 416.
Package babel Info: Making ? an active character on input line 417.
\FBguill@level=\count92
\FBold@everypar=\toks14
\FB@Mht=\dimen104
\mc@charclass=\count93
\mc@charfam=\count94
\mc@charslot=\count95
\std@mcc=\count96
\dec@mcc=\count97
\c@FBcaption@count=\count98
\listindentFB=\dimen105
\descindentFB=\dimen106
\labelindentFB=\dimen107
\labelwidthFB=\dimen108
\leftmarginFB=\dimen109
\parindentFFN=\dimen110
\FBfnindent=\dimen111
))
("C:\Users\Baptiste\AppData\Local\Programs\MiKTeX 2.9\tex/latex/carlisle\scalef
nt.sty")
("C:\Users\Baptiste\AppData\Local\Programs\MiKTeX 2.9\tex/latex/graphics\keyval
.sty"
Package: keyval 2014/10/28 v1.15 key=value parser (DPC)
\KV@toks@=\toks15
)
("C:\Users\Baptiste\AppData\Local\Programs\MiKTeX 2.9\tex/latex/base\fontenc.st
y"
Package: fontenc 2018/08/11 v2.0j Standard LaTeX package

("C:\Users\Baptiste\AppData\Local\Programs\MiKTeX 2.9\tex/latex/base\t1enc.def"
File: t1enc.def 2018/08/11 v2.0j Standard LaTeX file
LaTeX Font Info:    Redeclaring font encoding T1 on input line 48.
))
("C:\Users\Baptiste\AppData\Local\Programs\MiKTeX 2.9\tex/latex/base\inputenc.s
ty"
Package: inputenc 2018/08/11 v1.3c Input encoding file
\inpenc@prehook=\toks16
\inpenc@posthook=\toks17
)
("C:\Users\Baptiste\AppData\Local\Programs\MiKTeX 2.9\tex/latex/geometry\geomet
ry.sty"
Package: geometry 2018/04/16 v5.8 Page Geometry

("C:\Users\Baptiste\AppData\Local\Programs\MiKTeX 2.9\tex/generic/oberdiek\ifpd
f.sty"
Package: ifpdf 2018/09/07 v3.3 Provides the ifpdf switch
)
("C:\Users\Baptiste\AppData\Local\Programs\MiKTeX 2.9\tex/generic/oberdiek\ifvt
ex.sty"
Package: ifvtex 2016/05/16 v1.6 Detect VTeX and its facilities (HO)
Package ifvtex Info: VTeX not detected.
)
("C:\Users\Baptiste\AppData\Local\Programs\MiKTeX 2.9\tex/generic/ifxetex\ifxet
ex.sty"
Package: ifxetex 2010/09/12 v0.6 Provides ifxetex conditional
)
\Gm@cnth=\count99
\Gm@cntv=\count100
\c@Gm@tempcnt=\count101
\Gm@bindingoffset=\dimen112
\Gm@wd@mp=\dimen113
\Gm@odd@mp=\dimen114
\Gm@even@mp=\dimen115
\Gm@layoutwidth=\dimen116
\Gm@layoutheight=\dimen117
\Gm@layouthoffset=\dimen118
\Gm@layoutvoffset=\dimen119
\Gm@dimlist=\toks18

("C:\Users\Baptiste\AppData\Local\Programs\MiKTeX 2.9\tex/latex/geometry\geomet
ry.cfg"))
("C:\Users\Baptiste\AppData\Local\Programs\MiKTeX 2.9\tex/latex/a4wide\a4wide.s
ty"
Package: a4wide 1994/08/30

("C:\Users\Baptiste\AppData\Local\Programs\MiKTeX 2.9\tex/latex/ntgclass\a4.sty
"
Package: a4 2004/04/15 v1.2g A4 based page layout
))
("C:\Users\Baptiste\AppData\Local\Programs\MiKTeX 2.9\tex/latex/amsmath\amsmath
.sty"
Package: amsmath 2018/12/01 v2.17b AMS math features
\@mathmargin=\skip43

For additional information on amsmath, use the `?' option.

("C:\Users\Baptiste\AppData\Local\Programs\MiKTeX 2.9\tex/latex/amsmath\amstext
.sty"
Package: amstext 2000/06/29 v2.01 AMS text

("C:\Users\Baptiste\AppData\Local\Programs\MiKTeX 2.9\tex/latex/amsmath\amsgen.
sty"
File: amsgen.sty 1999/11/30 v2.0 generic functions
\@emptytoks=\toks19
\ex@=\dimen120
))
("C:\Users\Baptiste\AppData\Local\Programs\MiKTeX 2.9\tex/latex/amsmath\amsbsy.
sty"
Package: amsbsy 1999/11/29 v1.2d Bold Symbols
\pmbraise@=\dimen121
)
("C:\Users\Baptiste\AppData\Local\Programs\MiKTeX 2.9\tex/latex/amsmath\amsopn.
sty"
Package: amsopn 2016/03/08 v2.02 operator names
)
\inf@bad=\count102
LaTeX Info: Redefining \frac on input line 223.
\uproot@=\count103
\leftroot@=\count104
LaTeX Info: Redefining \overline on input line 385.
\classnum@=\count105
\DOTSCASE@=\count106
LaTeX Info: Redefining \ldots on input line 482.
LaTeX Info: Redefining \dots on input line 485.
LaTeX Info: Redefining \cdots on input line 606.
\Mathstrutbox@=\box27
\strutbox@=\box28
\big@size=\dimen122
LaTeX Font Info:    Redeclaring font encoding OML on input line 729.
LaTeX Font Info:    Redeclaring font encoding OMS on input line 730.
\macc@depth=\count107
\c@MaxMatrixCols=\count108
\dotsspace@=\muskip10
\c@parentequation=\count109
\dspbrk@lvl=\count110
\tag@help=\toks20
\row@=\count111
\column@=\count112
\maxfields@=\count113
\andhelp@=\toks21
\eqnshift@=\dimen123
\alignsep@=\dimen124
\tagshift@=\dimen125
\tagwidth@=\dimen126
\totwidth@=\dimen127
\lineht@=\dimen128
\@envbody=\toks22
\multlinegap=\skip44
\multlinetaggap=\skip45
\mathdisplay@stack=\toks23
LaTeX Info: Redefining \[ on input line 2844.
LaTeX Info: Redefining \] on input line 2845.
)
("C:\Users\Baptiste\AppData\Local\Programs\MiKTeX 2.9\tex/latex/graphics\graphi
cx.sty"
Package: graphicx 2017/06/01 v1.1a Enhanced LaTeX Graphics (DPC,SPQR)

("C:\Users\Baptiste\AppData\Local\Programs\MiKTeX 2.9\tex/latex/graphics\graphi
cs.sty"
Package: graphics 2017/06/25 v1.2c Standard LaTeX Graphics (DPC,SPQR)

("C:\Users\Baptiste\AppData\Local\Programs\MiKTeX 2.9\tex/latex/graphics\trig.s
ty"
Package: trig 2016/01/03 v1.10 sin cos tan (DPC)
)
("C:\Users\Baptiste\AppData\Local\Programs\MiKTeX 2.9\tex/latex/graphics-cfg\gr
aphics.cfg"
File: graphics.cfg 2016/06/04 v1.11 sample graphics configuration
)
Package graphics Info: Driver file: pdftex.def on input line 99.

("C:\Users\Baptiste\AppData\Local\Programs\MiKTeX 2.9\tex/latex/graphics-def\pd
ftex.def"
File: pdftex.def 2018/01/08 v1.0l Graphics/color driver for pdftex
))
\Gin@req@height=\dimen129
\Gin@req@width=\dimen130
)
("C:\Users\Baptiste\AppData\Local\Programs\MiKTeX 2.9\tex/latex/float\float.sty
"
Package: float 2001/11/08 v1.3d Float enhancements (AL)
\c@float@type=\count114
\float@exts=\toks24
\float@box=\box29
\@float@everytoks=\toks25
\@floatcapt=\box30
)
("C:\Users\Baptiste\AppData\Local\Programs\MiKTeX 2.9\tex/latex/fancyhdr\fancyh
dr.sty"
Package: fancyhdr 2019/01/31 v3.10 Extensive control of page headers and footer
s
\f@nch@headwidth=\skip46
\f@nch@O@elh=\skip47
\f@nch@O@erh=\skip48
\f@nch@O@olh=\skip49
\f@nch@O@orh=\skip50
\f@nch@O@elf=\skip51
\f@nch@O@erf=\skip52
\f@nch@O@olf=\skip53
\f@nch@O@orf=\skip54
)
("C:\Users\Baptiste\AppData\Local\Programs\MiKTeX 2.9\tex/latex/listings\listin
gs.sty"
\lst@mode=\count115
\lst@gtempboxa=\box31
\lst@token=\toks26
\lst@length=\count116
\lst@currlwidth=\dimen131
\lst@column=\count117
\lst@pos=\count118
\lst@lostspace=\dimen132
\lst@width=\dimen133
\lst@newlines=\count119
\lst@lineno=\count120
\lst@maxwidth=\dimen134

("C:\Users\Baptiste\AppData\Local\Programs\MiKTeX 2.9\tex/latex/listings\lstmis
c.sty"
File: lstmisc.sty 2019/02/27 1.8b (Carsten Heinz)
\c@lstnumber=\count121
\lst@skipnumbers=\count122
\lst@framebox=\box32
)
("C:\Users\Baptiste\AppData\Local\Programs\MiKTeX 2.9\tex/latex/listings\listin
gs.cfg"
File: listings.cfg 2019/02/27 1.8b listings configuration
))
Package: listings 2019/02/27 1.8b (Carsten Heinz)

("C:\Users\Baptiste\AppData\Local\Programs\MiKTeX 2.9\tex/latex/caption\subcapt
ion.sty"
Package: subcaption 2018/05/01 v1.1-162 Sub-captions (AR)

("C:\Users\Baptiste\AppData\Local\Programs\MiKTeX 2.9\tex/latex/caption\caption
.sty"
Package: caption 2018/10/06 v3.3-154 Customizing captions (AR)

("C:\Users\Baptiste\AppData\Local\Programs\MiKTeX 2.9\tex/latex/caption\caption
3.sty"
Package: caption3 2018/09/12 v1.8c caption3 kernel (AR)
Package caption3 Info: TeX engine: e-TeX on input line 64.
\captionmargin=\dimen135
\captionmargin@=\dimen136
\captionwidth=\dimen137
\caption@tempdima=\dimen138
\caption@indent=\dimen139
\caption@parindent=\dimen140
\caption@hangindent=\dimen141
)
\c@caption@flags=\count123
\c@ContinuedFloat=\count124
Package caption Info: float package is loaded.
Package caption Info: listings package is loaded.
)
\c@subfigure=\count125
\c@subtable=\count126
) (sos-lab01_botebol_hardrick.aux)
\openout1 = `sos-lab01_botebol_hardrick.aux'.

LaTeX Font Info:    Checking defaults for OML/cmm/m/it on input line 29.
LaTeX Font Info:    ... okay on input line 29.
LaTeX Font Info:    Checking defaults for T1/cmr/m/n on input line 29.
LaTeX Font Info:    ... okay on input line 29.
LaTeX Font Info:    Checking defaults for OT1/cmr/m/n on input line 29.
LaTeX Font Info:    ... okay on input line 29.
LaTeX Font Info:    Checking defaults for OMS/cmsy/m/n on input line 29.
LaTeX Font Info:    ... okay on input line 29.
LaTeX Font Info:    Checking defaults for OMX/cmex/m/n on input line 29.
LaTeX Font Info:    ... okay on input line 29.
LaTeX Font Info:    Checking defaults for U/cmr/m/n on input line 29.
LaTeX Font Info:    ... okay on input line 29.
LaTeX Info: Redefining \degres on input line 29.
LaTeX Info: Redefining \dots on input line 29.
LaTeX Info: Redefining \up on input line 29.

*geometry* driver: auto-detecting
*geometry* detected driver: pdftex
*geometry* verbose mode - [ preamble ] result:
* driver: pdftex
* paper: <default>
* layout: <same size as paper>
* layoutoffset:(h,v)=(0.0pt,0.0pt)
* modes: 
* h-part:(L,W,R)=(42.67912pt, 528.93675pt, 42.67912pt)
* v-part:(T,H,B)=(95.39737pt, 556.47656pt, 143.09605pt)
* \paperwidth=614.295pt
* \paperheight=794.96999pt
* \textwidth=460.72124pt
* \textheight=621.0pt
* \oddsidemargin=0.0pt
* \evensidemargin=0.0pt
* \topmargin=0.0pt
* \headheight=12.0pt
* \headsep=25.0pt
* \topskip=12.0pt
* \footskip=30.0pt
* \marginparwidth=54.2025pt
* \marginparsep=10.0pt
* \columnsep=10.0pt
* \skip\footins=10.8pt plus 4.0pt minus 2.0pt
* \hoffset=0.0pt
* \voffset=0.0pt
* \mag=1000
* \@twocolumnfalse
* \@twosidefalse
* \@mparswitchfalse
* \@reversemarginfalse
* (1in=72.27pt=25.4mm, 1cm=28.453pt)


("C:\Users\Baptiste\AppData\Local\Programs\MiKTeX 2.9\tex/context/base/mkii\sup
p-pdf.mkii"
[Loading MPS to PDF converter (version 2006.09.02).]
\scratchcounter=\count127
\scratchdimen=\dimen142
\scratchbox=\box33
\nofMPsegments=\count128
\nofMParguments=\count129
\everyMPshowfont=\toks27
\MPscratchCnt=\count130
\MPscratchDim=\dimen143
\MPnumerator=\count131
\makeMPintoPDFobject=\count132
\everyMPtoPDFconversion=\toks28
)
("C:\Users\Baptiste\AppData\Local\Programs\MiKTeX 2.9\tex/latex/oberdiek\epstop
df-base.sty"
Package: epstopdf-base 2016/05/15 v2.6 Base part for package epstopdf

("C:\Users\Baptiste\AppData\Local\Programs\MiKTeX 2.9\tex/generic/oberdiek\infw
arerr.sty"
Package: infwarerr 2016/05/16 v1.4 Providing info/warning/error messages (HO)
)
("C:\Users\Baptiste\AppData\Local\Programs\MiKTeX 2.9\tex/latex/oberdiek\grfext
.sty"
Package: grfext 2016/05/16 v1.2 Manage graphics extensions (HO)

("C:\Users\Baptiste\AppData\Local\Programs\MiKTeX 2.9\tex/generic/oberdiek\kvde
finekeys.sty"
Package: kvdefinekeys 2016/05/16 v1.4 Define keys (HO)

("C:\Users\Baptiste\AppData\Local\Programs\MiKTeX 2.9\tex/generic/oberdiek\ltxc
mds.sty"
Package: ltxcmds 2016/05/16 v1.23 LaTeX kernel commands for general use (HO)
)))
("C:\Users\Baptiste\AppData\Local\Programs\MiKTeX 2.9\tex/latex/oberdiek\kvopti
ons.sty"
Package: kvoptions 2016/05/16 v3.12 Key value format for package options (HO)

("C:\Users\Baptiste\AppData\Local\Programs\MiKTeX 2.9\tex/generic/oberdiek\kvse
tkeys.sty"
Package: kvsetkeys 2016/05/16 v1.17 Key value parser (HO)

("C:\Users\Baptiste\AppData\Local\Programs\MiKTeX 2.9\tex/generic/oberdiek\etex
cmds.sty"
Package: etexcmds 2016/05/16 v1.6 Avoid name clashes with e-TeX commands (HO)

("C:\Users\Baptiste\AppData\Local\Programs\MiKTeX 2.9\tex/generic/oberdiek\iflu
atex.sty"
Package: ifluatex 2016/05/16 v1.4 Provides the ifluatex switch (HO)
Package ifluatex Info: LuaTeX not detected.
))))
("C:\Users\Baptiste\AppData\Local\Programs\MiKTeX 2.9\tex/generic/oberdiek\pdft
excmds.sty"
Package: pdftexcmds 2018/09/10 v0.29 Utility functions of pdfTeX for LuaTeX (HO
)
Package pdftexcmds Info: LuaTeX not detected.
Package pdftexcmds Info: \pdf@primitive is available.
Package pdftexcmds Info: \pdf@ifprimitive is available.
Package pdftexcmds Info: \pdfdraftmode found.
)
Package epstopdf-base Info: Redefining graphics rule for `.eps' on input line 4
38.
Package grfext Info: Graphics extension search list:
(grfext)             [.pdf,.png,.jpg,.mps,.jpeg,.jbig2,.jb2,.PDF,.PNG,.JPG,.JPE
G,.JBIG2,.JB2,.eps]
(grfext)             \AppendGraphicsExtensions on input line 456.
)
\c@lstlisting=\count133
Package caption Info: Begin \AtBeginDocument code.
Package caption Info: End \AtBeginDocument code.
 [1

{C:/Users/Baptiste/AppData/Local/MiKTeX/2.9/pdftex/config/pdftex.map}]
<images/db_nmap_3_1_a.PNG, id=7, 684.30656pt x 407.27156pt>
File: images/db_nmap_3_1_a.PNG Graphic file (type png)
<use images/db_nmap_3_1_a.PNG>
Package pdftex.def Info: images/db_nmap_3_1_a.PNG  used on input line 48.
(pdftex.def)             Requested size: 483.69684pt x 287.88464pt.

Overfull \hbox (22.9756pt too wide) in paragraph at lines 48--49
[][] 
 []

<images/db_nmap_3_1_b.PNG, id=9, 657.95813pt x 317.68687pt>
File: images/db_nmap_3_1_b.PNG Graphic file (type png)
<use images/db_nmap_3_1_b.PNG>
Package pdftex.def Info: images/db_nmap_3_1_b.PNG  used on input line 54.
(pdftex.def)             Requested size: 483.69684pt x 233.55278pt.

Overfull \hbox (22.9756pt too wide) in paragraph at lines 54--55
[][] 
 []

<images/HEIG.png, id=10, 301.125pt x 200.75pt>
File: images/HEIG.png Graphic file (type png)
<use images/HEIG.png>
Package pdftex.def Info: images/HEIG.png  used on input line 58.
(pdftex.def)             Requested size: 42.67912pt x 28.45094pt.

Package Fancyhdr Warning: \headheight is too small (12.0pt): 
Make it at least 32.80098pt.
We now make it that large for the rest of the document.
This may cause the page layout to be inconsistent, however.

[1 <./images/HEIG.png> <./images/db_nmap_3_1_a.PNG>]
File: images/HEIG.png Graphic file (type png)
<use images/HEIG.png>
Package pdftex.def Info: images/HEIG.png  used on input line 60.
(pdftex.def)             Requested size: 42.67912pt x 28.45094pt.
 [2 <./images/db_nmap_3_1_b.PNG>]
File: images/HEIG.png Graphic file (type png)
<use images/HEIG.png>
Package pdftex.def Info: images/HEIG.png  used on input line 74.
(pdftex.def)             Requested size: 42.67912pt x 28.45094pt.
 [3]
<images/3_2-Scann.PNG, id=27, 729.72626pt x 347.2975pt>
File: images/3_2-Scann.PNG Graphic file (type png)
<use images/3_2-Scann.PNG>
Package pdftex.def Info: images/3_2-Scann.PNG  used on input line 78.
(pdftex.def)             Requested size: 483.69684pt x 230.20273pt.

Overfull \hbox (22.9756pt too wide) in paragraph at lines 78--79
[][] 
 []

<images/who_am_i_3_2.PNG, id=28, 1105.12875pt x 442.65375pt>
File: images/who_am_i_3_2.PNG Graphic file (type png)
<use images/who_am_i_3_2.PNG>
Package pdftex.def Info: images/who_am_i_3_2.PNG  used on input line 83.
(pdftex.def)             Requested size: 483.69684pt x 193.74158pt.

Overfull \hbox (22.9756pt too wide) in paragraph at lines 83--84
[][] 
 []

<images/Privileges_3_2.PNG, id=29, 787.94376pt x 661.47125pt>
File: images/Privileges_3_2.PNG Graphic file (type png)
<use images/Privileges_3_2.PNG>
Package pdftex.def Info: images/Privileges_3_2.PNG  used on input line 89.
(pdftex.def)             Requested size: 483.69684pt x 406.06055pt.

Overfull \hbox (22.9756pt too wide) in paragraph at lines 89--90
[][] 
 []


LaTeX Warning: `!h' float specifier changed to `!ht'.

File: images/HEIG.png Graphic file (type png)
<use images/HEIG.png>
Package pdftex.def Info: images/HEIG.png  used on input line 94.
(pdftex.def)             Requested size: 42.67912pt x 28.45094pt.
[4 <./images/3_2-Scann.PNG> <./images/who_am_i_3_2.PNG>]
File: images/HEIG.png Graphic file (type png)
<use images/HEIG.png>
Package pdftex.def Info: images/HEIG.png  used on input line 96.
(pdftex.def)             Requested size: 42.67912pt x 28.45094pt.
 [5 <./images/Privileges_3_2.PNG>]
File: images/HEIG.png Graphic file (type png)
<use images/HEIG.png>
Package pdftex.def Info: images/HEIG.png  used on input line 117.
(pdftex.def)             Requested size: 42.67912pt x 28.45094pt.
 [6]
<images/P11-a.PNG, id=43, 1382.16376pt x 327.2225pt>
File: images/P11-a.PNG Graphic file (type png)
<use images/P11-a.PNG>
Package pdftex.def Info: images/P11-a.PNG  used on input line 121.
(pdftex.def)             Requested size: 483.69684pt x 114.50961pt.

Overfull \hbox (22.9756pt too wide) in paragraph at lines 121--122
[][] 
 []

<images/P11-b.PNG, id=44, 1491.5725pt x 332.24126pt>
File: images/P11-b.PNG Graphic file (type png)
<use images/P11-b.PNG>
Package pdftex.def Info: images/P11-b.PNG  used on input line 126.
(pdftex.def)             Requested size: 483.69684pt x 107.73885pt.

Overfull \hbox (22.9756pt too wide) in paragraph at lines 126--127
[][] 
 []

<images/P11-c.PNG, id=45, 1560.83125pt x 329.23pt>
File: images/P11-c.PNG Graphic file (type png)
<use images/P11-c.PNG>
Package pdftex.def Info: images/P11-c.PNG  used on input line 131.
(pdftex.def)             Requested size: 483.69684pt x 102.02507pt.

Overfull \hbox (22.9756pt too wide) in paragraph at lines 131--132
[][] 
 []

<images/hashdump_SAM_3_3.PNG, id=46, 895.345pt x 363.3575pt>
File: images/hashdump_SAM_3_3.PNG Graphic file (type png)
<use images/hashdump_SAM_3_3.PNG>
Package pdftex.def Info: images/hashdump_SAM_3_3.PNG  used on input line 136.
(pdftex.def)             Requested size: 483.69684pt x 196.30437pt.

Overfull \hbox (22.9756pt too wide) in paragraph at lines 136--137
[][] 
 []


LaTeX Warning: `!h' float specifier changed to `!ht'.

<images/mscash_3_3.PNG, id=47, 934.49126pt x 316.18124pt>
File: images/mscash_3_3.PNG Graphic file (type png)
<use images/mscash_3_3.PNG>
Package pdftex.def Info: images/mscash_3_3.PNG  used on input line 141.
(pdftex.def)             Requested size: 483.69684pt x 163.65773pt.

Overfull \hbox (22.9756pt too wide) in paragraph at lines 141--142
[][] 
 []


LaTeX Warning: `!h' float specifier changed to `!ht'.

<images/3_3_gather_credentials.PNG, id=48, 543.53062pt x 230.36063pt>
File: images/3_3_gather_credentials.PNG Graphic file (type png)
<use images/3_3_gather_credentials.PNG>
Package pdftex.def Info: images/3_3_gather_credentials.PNG  used on input line 
146.
(pdftex.def)             Requested size: 483.69684pt x 205.00975pt.

Overfull \hbox (22.9756pt too wide) in paragraph at lines 146--147
[][] 
 []


LaTeX Warning: `!h' float specifier changed to `!ht'.

<images/3_3_reused_passwords.PNG, id=49, 636.12656pt x 248.42813pt>
File: images/3_3_reused_passwords.PNG Graphic file (type png)
<use images/3_3_reused_passwords.PNG>
Package pdftex.def Info: images/3_3_reused_passwords.PNG  used on input line 15
1.
(pdftex.def)             Requested size: 483.69684pt x 188.89832pt.

Overfull \hbox (22.9756pt too wide) in paragraph at lines 151--152
[][] 
 []


LaTeX Warning: `!h' float specifier changed to `!ht'.

File: images/HEIG.png Graphic file (type png)
<use images/HEIG.png>
Package pdftex.def Info: images/HEIG.png  used on input line 156.
(pdftex.def)             Requested size: 42.67912pt x 28.45094pt.
[7 <./images/P11-a.PNG> <./images/P11-b.PNG> <./images/P11-c.PNG>]
File: images/HEIG.png Graphic file (type png)
<use images/HEIG.png>
Package pdftex.def Info: images/HEIG.png  used on input line 158.
(pdftex.def)             Requested size: 42.67912pt x 28.45094pt.
 [8 <./images/hashdump_SAM_3_3.PNG> <./images/mscash_3_3.PNG>]
File: images/HEIG.png Graphic file (type png)
<use images/HEIG.png>
Package pdftex.def Info: images/HEIG.png  used on input line 160.
(pdftex.def)             Requested size: 42.67912pt x 28.45094pt.
 [9 <./images/3_3_gather_credentials.PNG> <./images/3_3_reused_passwords.PNG>]
<images/SPN_command_a.PNG, id=66, 639.13782pt x 436.63126pt>
File: images/SPN_command_a.PNG Graphic file (type png)
<use images/SPN_command_a.PNG>
Package pdftex.def Info: images/SPN_command_a.PNG  used on input line 174.
(pdftex.def)             Requested size: 483.69684pt x 330.44409pt.

Overfull \hbox (22.9756pt too wide) in paragraph at lines 174--175
[][] 
 []

<images/SPN_command_b.PNG, id=67, 439.6425pt x 438.13687pt>
File: images/SPN_command_b.PNG Graphic file (type png)
<use images/SPN_command_b.PNG>
Package pdftex.def Info: images/SPN_command_b.PNG  used on input line 179.
(pdftex.def)             Requested size: 483.69684pt x 482.0523pt.

Overfull \hbox (22.9756pt too wide) in paragraph at lines 179--180
[][] 
 []


LaTeX Warning: `!h' float specifier changed to `!ht'.

<images/SPN_command_c.PNG, id=68, 426.84468pt x 408.77719pt>
File: images/SPN_command_c.PNG Graphic file (type png)
<use images/SPN_command_c.PNG>
Package pdftex.def Info: images/SPN_command_c.PNG  used on input line 184.
(pdftex.def)             Requested size: 483.69684pt x 463.25389pt.

Overfull \hbox (22.9756pt too wide) in paragraph at lines 184--185
[][] 
 []


LaTeX Warning: `!h' float specifier changed to `!ht'.

<images/password_john_cracked.PNG, id=69, 274.77657pt x 69.25874pt>
File: images/password_john_cracked.PNG Graphic file (type png)
<use images/password_john_cracked.PNG>
Package pdftex.def Info: images/password_john_cracked.PNG  used on input line 1
89.
(pdftex.def)             Requested size: 274.77588pt x 69.25856pt.

LaTeX Warning: `!h' float specifier changed to `!ht'.

<images/P21.PNG, id=70, 909.3975pt x 330.23375pt>
File: images/P21.PNG Graphic file (type png)
<use images/P21.PNG>
Package pdftex.def Info: images/P21.PNG  used on input line 194.
(pdftex.def)             Requested size: 483.69684pt x 175.64787pt.

Overfull \hbox (22.9756pt too wide) in paragraph at lines 194--195
[][] 
 []


LaTeX Warning: `!h' float specifier changed to `!ht'.

File: images/HEIG.png Graphic file (type png)
<use images/HEIG.png>
Package pdftex.def Info: images/HEIG.png  used on input line 199.
(pdftex.def)             Requested size: 42.67912pt x 28.45094pt.
[10 <./images/SPN_command_a.PNG>]
File: images/HEIG.png Graphic file (type png)
<use images/HEIG.png>
Package pdftex.def Info: images/HEIG.png  used on input line 201.
(pdftex.def)             Requested size: 42.67912pt x 28.45094pt.
 [11 <./images/SPN_command_b.PNG>]

LaTeX Warning: Text page 12 contains only floats.

File: images/HEIG.png Graphic file (type png)
<use images/HEIG.png>
Package pdftex.def Info: images/HEIG.png  used on input line 201.
(pdftex.def)             Requested size: 42.67912pt x 28.45094pt.
[12 <./images/SPN_command_c.PNG> <./images/password_john_cracked.PNG>]
File: images/HEIG.png Graphic file (type png)
<use images/HEIG.png>
Package pdftex.def Info: images/HEIG.png  used on input line 203.
(pdftex.def)             Requested size: 42.67912pt x 28.45094pt.
 [13 <./images/P21.PNG>]
File: images/HEIG.png Graphic file (type png)
<use images/HEIG.png>
Package pdftex.def Info: images/HEIG.png  used on input line 214.
(pdftex.def)             Requested size: 42.67912pt x 28.45094pt.
 [14]
<images/mimikatz_creds_all.PNG, id=92, 1052.93375pt x 688.5725pt>
File: images/mimikatz_creds_all.PNG Graphic file (type png)
<use images/mimikatz_creds_all.PNG>
Package pdftex.def Info: images/mimikatz_creds_all.PNG  used on input line 219.

(pdftex.def)             Requested size: 483.69684pt x 316.3164pt.

Overfull \hbox (22.9756pt too wide) in paragraph at lines 219--220
[][] 
 []

<images/cachedump_server_5_3-5.PNG, id=93, 677.53125pt x 269.005pt>
File: images/cachedump_server_5_3-5.PNG Graphic file (type png)
<use images/cachedump_server_5_3-5.PNG>
Package pdftex.def Info: images/cachedump_server_5_3-5.PNG  used on input line 
224.
(pdftex.def)             Requested size: 483.69684pt x 192.05388pt.

Overfull \hbox (22.9756pt too wide) in paragraph at lines 224--225
[][] 
 []


LaTeX Warning: `!h' float specifier changed to `!ht'.

<images/hashdump_sql_server3-5.PNG, id=94, 838.13126pt x 86.3225pt>
File: images/hashdump_sql_server3-5.PNG Graphic file (type png)
<use images/hashdump_sql_server3-5.PNG>
Package pdftex.def Info: images/hashdump_sql_server3-5.PNG  used on input line 
229.
(pdftex.def)             Requested size: 483.69684pt x 49.8168pt.

Overfull \hbox (22.9756pt too wide) in paragraph at lines 229--230
[][] 
 []


LaTeX Warning: `!h' float specifier changed to `!ht'.

<images/pass_the_hash_first_3-5.PNG, id=95, 1041.8925pt x 538.01pt>
File: images/pass_the_hash_first_3-5.PNG Graphic file (type png)
<use images/pass_the_hash_first_3-5.PNG>
Package pdftex.def Info: images/pass_the_hash_first_3-5.PNG  used on input line
 234.
(pdftex.def)             Requested size: 483.69684pt x 249.7698pt.

Overfull \hbox (22.9756pt too wide) in paragraph at lines 234--235
[][] 
 []


LaTeX Warning: `!h' float specifier changed to `!ht'.

<images/creds_all_server5_3-5.PNG, id=96, 1223.57124pt x 430.60875pt>
File: images/creds_all_server5_3-5.PNG Graphic file (type png)
<use images/creds_all_server5_3-5.PNG>
Package pdftex.def Info: images/creds_all_server5_3-5.PNG  used on input line 2
39.
(pdftex.def)             Requested size: 483.69684pt x 170.22328pt.

Overfull \hbox (22.9756pt too wide) in paragraph at lines 239--240
[][] 
 []


LaTeX Warning: `!h' float specifier changed to `!ht'.

<images/3_5_loginSMB_172_22_4_2.PNG, id=97, 1196.47pt x 299.1175pt>
File: images/3_5_loginSMB_172_22_4_2.PNG Graphic file (type png)
<use images/3_5_loginSMB_172_22_4_2.PNG>
Package pdftex.def Info: images/3_5_loginSMB_172_22_4_2.PNG  used on input line
 244.
(pdftex.def)             Requested size: 483.69684pt x 120.92284pt.

Overfull \hbox (22.9756pt too wide) in paragraph at lines 244--245
[][] 
 []


LaTeX Warning: `!h' float specifier changed to `!ht'.

<images/hashdump_3_5_1_sur_2.PNG, id=98, 791.95876pt x 689.57625pt>
File: images/hashdump_3_5_1_sur_2.PNG Graphic file (type png)
<use images/hashdump_3_5_1_sur_2.PNG>
Package pdftex.def Info: images/hashdump_3_5_1_sur_2.PNG  used on input line 24
9.
(pdftex.def)             Requested size: 483.69684pt x 421.16699pt.

Overfull \hbox (22.9756pt too wide) in paragraph at lines 249--250
[][] 
 []


LaTeX Warning: `!h' float specifier changed to `!ht'.

<images/hashdump_3_5_2_sur_2.PNG, id=99, 817.0525pt x 509.905pt>
File: images/hashdump_3_5_2_sur_2.PNG Graphic file (type png)
<use images/hashdump_3_5_2_sur_2.PNG>
Package pdftex.def Info: images/hashdump_3_5_2_sur_2.PNG  used on input line 25
4.
(pdftex.def)             Requested size: 483.69684pt x 301.86836pt.

Overfull \hbox (22.9756pt too wide) in paragraph at lines 254--255
[][] 
 []


LaTeX Warning: `!h' float specifier changed to `!ht'.

File: images/HEIG.png Graphic file (type png)
<use images/HEIG.png>
Package pdftex.def Info: images/HEIG.png  used on input line 258.
(pdftex.def)             Requested size: 42.67912pt x 28.45094pt.
[15 <./images/mimikatz_creds_all.PNG>]

LaTeX Warning: Text page 16 contains only floats.

File: images/HEIG.png Graphic file (type png)
<use images/HEIG.png>
Package pdftex.def Info: images/HEIG.png  used on input line 258.
(pdftex.def)             Requested size: 42.67912pt x 28.45094pt.
[16 <./images/cachedump_server_5_3-5.PNG> <./images/hashdump_sql_server3-5.PNG>
 <./images/pass_the_hash_first_3-5.PNG>]
File: images/HEIG.png Graphic file (type png)
<use images/HEIG.png>
Package pdftex.def Info: images/HEIG.png  used on input line 260.
(pdftex.def)             Requested size: 42.67912pt x 28.45094pt.
 [17 <./images/creds_all_server5_3-5.PNG> <./images/3_5_loginSMB_172_22_4_2.PNG
>]
File: images/HEIG.png Graphic file (type png)
<use images/HEIG.png>
Package pdftex.def Info: images/HEIG.png  used on input line 262.
(pdftex.def)             Requested size: 42.67912pt x 28.45094pt.
 [18 <./images/hashdump_3_5_1_sur_2.PNG>]
File: images/HEIG.png Graphic file (type png)
<use images/HEIG.png>
Package pdftex.def Info: images/HEIG.png  used on input line 264.
(pdftex.def)             Requested size: 42.67912pt x 28.45094pt.
 [19 <./images/hashdump_3_5_2_sur_2.PNG>]
<images/3_6_process_used_by_us.PNG, id=124, 727.21687pt x 57.21375pt>
File: images/3_6_process_used_by_us.PNG Graphic file (type png)
<use images/3_6_process_used_by_us.PNG>
Package pdftex.def Info: images/3_6_process_used_by_us.PNG  used on input line 
278.
(pdftex.def)             Requested size: 483.69684pt x 38.05537pt.

Overfull \hbox (22.9756pt too wide) in paragraph at lines 278--279
[][] 
 []

<images/3_6_migrate.PNG, id=125, 264.99pt x 84.315pt>
File: images/3_6_migrate.PNG Graphic file (type png)
<use images/3_6_migrate.PNG>
Package pdftex.def Info: images/3_6_migrate.PNG  used on input line 283.
(pdftex.def)             Requested size: 264.98935pt x 84.31477pt.
<images/3_6_domain_SID.PNG, id=126, 448.67625pt x 72.27pt>
File: images/3_6_domain_SID.PNG Graphic file (type png)
<use images/3_6_domain_SID.PNG>
Package pdftex.def Info: images/3_6_domain_SID.PNG  used on input line 288.
(pdftex.def)             Requested size: 448.67516pt x 72.2698pt.

LaTeX Warning: `!h' float specifier changed to `!ht'.

<images/3_6_golden_ticket_works.PNG, id=127, 545.78906pt x 216.05719pt>
File: images/3_6_golden_ticket_works.PNG Graphic file (type png)
<use images/3_6_golden_ticket_works.PNG>
Package pdftex.def Info: images/3_6_golden_ticket_works.PNG  used on input line
 293.
(pdftex.def)             Requested size: 483.69684pt x 191.47926pt.

Overfull \hbox (22.9756pt too wide) in paragraph at lines 293--294
[][] 
 []


LaTeX Warning: `!h' float specifier changed to `!ht'.

<images/p30_logs_powershell.PNG, id=128, 628.3475pt x 505.89pt>
File: images/p30_logs_powershell.PNG Graphic file (type png)
<use images/p30_logs_powershell.PNG>
Package pdftex.def Info: images/p30_logs_powershell.PNG  used on input line 298
.
(pdftex.def)             Requested size: 483.69684pt x 389.42842pt.

Overfull \hbox (22.9756pt too wide) in paragraph at lines 298--299
[][] 
 []


LaTeX Warning: `!h' float specifier changed to `!ht'.

File: images/HEIG.png Graphic file (type png)
<use images/HEIG.png>
Package pdftex.def Info: images/HEIG.png  used on input line 302.
(pdftex.def)             Requested size: 42.67912pt x 28.45094pt.
[20 <./images/3_6_process_used_by_us.PNG> <./images/3_6_migrate.PNG>]
File: images/HEIG.png Graphic file (type png)
<use images/HEIG.png>
Package pdftex.def Info: images/HEIG.png  used on input line 302.
(pdftex.def)             Requested size: 42.67912pt x 28.45094pt.
 [21 <./images/3_6_domain_SID.PNG> <./images/3_6_golden_ticket_works.PNG>]
File: images/HEIG.png Graphic file (type png)
<use images/HEIG.png>
Package pdftex.def Info: images/HEIG.png  used on input line 302.
(pdftex.def)             Requested size: 42.67912pt x 28.45094pt.
 [22 <./images/p30_logs_powershell.PNG>] (sos-lab01_botebol_hardrick.aux) ) 
Here is how much of TeX's memory you used:
 6863 strings out of 492946
 104444 string characters out of 3124935
 185452 words of memory out of 3000000
 10639 multiletter control sequences out of 15000+200000
 12155 words of font info for 29 fonts, out of 3000000 for 9000
 1141 hyphenation exceptions out of 8191
 42i,14n,43p,331b,423s stack positions out of 5000i,500n,10000p,200000b,50000s
 <C:
\Users\Baptiste\AppData\Local\MiKTeX\2.9\fonts/pk/ljfour/jknappen/ec/dpi600\ecb
x1200.pk> <C:\Users\Baptiste\AppData\Local\MiKTeX\2.9\fonts/pk/ljfour/jknappen/
ec/dpi600\ecbx1440.pk> <C:\Users\Baptiste\AppData\Local\MiKTeX\2.9\fonts/pk/ljf
our/jknappen/ec/dpi600\ecbx1728.pk> <C:\Users\Baptiste\AppData\Local\MiKTeX\2.9
\fonts/pk/ljfour/jknappen/ec/dpi600\ecrm1200.pk> <C:\Users\Baptiste\AppData\Loc
al\MiKTeX\2.9\fonts/pk/ljfour/jknappen/ec/dpi600\ecrm1440.pk> <C:\Users\Baptist
e\AppData\Local\MiKTeX\2.9\fonts/pk/ljfour/jknappen/ec/dpi600\ecbx2074.pk>
Output written on sos-lab01_botebol_hardrick.pdf (23 pages, 3061846 bytes).
PDF statistics:
 342 PDF objects out of 1000 (max. 8388607)
 0 named destinations out of 1000 (max. 500000)
 156 words of extra memory for PDF output out of 10000 (max. 10000000)

